<?xml version="1.0" encoding="UTF-8"?>
<!-- Generated by org.testng.reporters.JUnitReportReporter -->
<testsuite hostname="DESKTOP-M57CC5K" failures="0" tests="1" name="com.abc.accuWeather.UI.pages.weatherTest.WeatherTest" time="47.180" errors="0" timestamp="2022-02-04T12:57:33 IST" skipped="0">
  <testcase classname="com.abc.accuWeather.UI.pages.weatherTest.WeatherTest" name="getWeatherReport" time="47.180"/>
  <system-out/>
</testsuite> <!-- com.abc.accuWeather.UI.pages.weatherTest.WeatherTest -->
