<?xml version="1.0" encoding="UTF-8"?>
<!-- Generated by org.testng.reporters.JUnitReportReporter -->
<testsuite hostname="DESKTOP-M57CC5K" failures="0" tests="1" name="com.abc.accuWeather.API.tests.WeatherInfoTest" time="2.458" errors="0" timestamp="2022-02-04T12:08:02 IST" skipped="0">
  <testcase classname="com.abc.accuWeather.API.tests.WeatherInfoTest" name="getWeatherInfo" time="2.458"/>
  <system-out/>
</testsuite> <!-- com.abc.accuWeather.API.tests.WeatherInfoTest -->
