<?xml version="1.0" encoding="UTF-8"?>
<!-- Generated by org.testng.reporters.JUnitReportReporter -->
<testsuite hostname="DESKTOP-M57CC5K" failures="0" tests="1" name="com.abc.accuWeather.UI.pages.homePageTest.HomePageTest" time="26.133" errors="0" timestamp="2022-02-04T11:50:42 IST" skipped="0">
  <testcase classname="com.abc.accuWeather.UI.pages.homePageTest.HomePageTest" name="getWeatherReport" time="26.133"/>
  <system-out/>
</testsuite> <!-- com.abc.accuWeather.UI.pages.homePageTest.HomePageTest -->
